<?xml version="1.0" encoding="UTF-8" ?>
<testsuite tests="1" failures="0" name="MapGenTest" time="0.002" errors="0" skipped="0">
  <properties>
    <property name="java.runtime.name" value="Java(TM) SE Runtime Environment"/>
    <property name="sun.boot.library.path" value="D:\DEV\PROG\Java\jdk1.8.0_131\jre\bin"/>
    <property name="java.vm.version" value="25.131-b11"/>
    <property name="java.vm.vendor" value="Oracle Corporation"/>
    <property name="maven.multiModuleProjectDirectory" value="D:\DEV\WorkspacePhoton\CarbonMap"/>
    <property name="java.vendor.url" value="http://java.oracle.com/"/>
    <property name="path.separator" value=";"/>
    <property name="guice.disable.misplaced.annotation.check" value="true"/>
    <property name="java.vm.name" value="Java HotSpot(TM) 64-Bit Server VM"/>
    <property name="file.encoding.pkg" value="sun.io"/>
    <property name="user.script" value=""/>
    <property name="user.country" value="FR"/>
    <property name="sun.java.launcher" value="SUN_STANDARD"/>
    <property name="sun.os.patch.level" value="Service Pack 1"/>
    <property name="java.vm.specification.name" value="Java Virtual Machine Specification"/>
    <property name="user.dir" value="D:\DEV\WorkspacePhoton\CarbonMap"/>
    <property name="java.runtime.version" value="1.8.0_131-b11"/>
    <property name="java.awt.graphicsenv" value="sun.awt.Win32GraphicsEnvironment"/>
    <property name="java.endorsed.dirs" value="D:\DEV\PROG\Java\jdk1.8.0_131\jre\lib\endorsed"/>
    <property name="os.arch" value="amd64"/>
    <property name="java.io.tmpdir" value="D:\DEV\Temp\"/>
    <property name="line.separator" value="
"/>
    <property name="java.vm.specification.vendor" value="Oracle Corporation"/>
    <property name="user.variant" value=""/>
    <property name="os.name" value="Windows 7"/>
    <property name="classworlds.conf" value="D:\DEV\WorkspacePhoton\.metadata\.plugins\org.eclipse.m2e.launching\launches\m2conf8536631307915537188.tmp"/>
    <property name="sun.jnu.encoding" value="Cp1252"/>
    <property name="java.library.path" value="D:\DEV\PROG\Java\jdk1.8.0_131\bin;C:\Windows\Sun\Java\bin;C:\Windows\system32;C:\Windows;D:/DEV/PROG/Java/jdk1.8.0_131/jre/bin/server;D:/DEV/PROG/Java/jdk1.8.0_131/jre/bin;D:/DEV/PROG/Java/jdk1.8.0_131/jre/lib/amd64;c:\Program Files (x86)\CA\SC\CAWIN\;C:\Windows\system32;C:\Windows;C:\Windows\System32\Wbem;C:\Windows\System32\WindowsPowerShell\v1.0\;c:\Program Files (x86)\CA\SC\Csam\SockAdapter\bin;c:\Program Files (x86)\CA\DSM\bin;c:\Program Files (x86)\CA\SC\CBB\;c:\PROGRA~2\CA\SC\CAM\bin;C:\Program Files\Oberthur Technologies\AuthentIC Webpack\Dlls;C:\Program Files (x86)\Oberthur Technologies\AuthentIC Webpack\Dlls;C:\Program Files (x86)\Java\jre6\Bin;C:\Program Files (x86)\Oberthur Technologies\AWP\Dlls;C:\Program Files\Oberthur Technologies\AWP\Dlls;C:\Program Files (x86)\Sennheiser\SoftphoneSDK\;c:\Program Files (x86)\CA\SC\Csam\SockAdapter\bin;c:\Program Files (x86)\CA\SC\Csam\SockAdapter\bin64;D:\DEV\PROG\maven\apache-maven-3.1.1\bin;%SCRIPTSCOTS%;D:/DEV/PROG/Notepad++;D:/DEV/PROG/SCRIPTS;D:\Users\S0079481\Documents\Mes Outils Personnels\PROG\2018-12;;."/>
    <property name="java.specification.name" value="Java Platform API Specification"/>
    <property name="java.class.version" value="52.0"/>
    <property name="sun.management.compiler" value="HotSpot 64-Bit Tiered Compilers"/>
    <property name="os.version" value="6.1"/>
    <property name="user.home" value="D:\Users\S0079481"/>
    <property name="user.timezone" value="Europe/Paris"/>
    <property name="java.awt.printerjob" value="sun.awt.windows.WPrinterJob"/>
    <property name="java.specification.version" value="1.8"/>
    <property name="file.encoding" value="UTF-8"/>
    <property name="user.name" value="S0079481"/>
    <property name="java.class.path" value="D:\Users\S0079481\Documents\Mes Outils Personnels\PROG\2018-12\plugins\org.eclipse.m2e.maven.runtime_1.10.0.20181127-2120\jars\plexus-classworlds-2.5.2.jar"/>
    <property name="java.vm.specification.version" value="1.8"/>
    <property name="sun.arch.data.model" value="64"/>
    <property name="java.home" value="D:\DEV\PROG\Java\jdk1.8.0_131\jre"/>
    <property name="sun.java.command" value="org.codehaus.plexus.classworlds.launcher.Launcher -B clean install"/>
    <property name="java.specification.vendor" value="Oracle Corporation"/>
    <property name="user.language" value="fr"/>
    <property name="awt.toolkit" value="sun.awt.windows.WToolkit"/>
    <property name="java.vm.info" value="mixed mode"/>
    <property name="java.version" value="1.8.0_131"/>
    <property name="java.ext.dirs" value="D:\DEV\PROG\Java\jdk1.8.0_131\jre\lib\ext;C:\Windows\Sun\Java\lib\ext"/>
    <property name="sun.boot.class.path" value="D:\DEV\PROG\Java\jdk1.8.0_131\jre\lib\resources.jar;D:\DEV\PROG\Java\jdk1.8.0_131\jre\lib\rt.jar;D:\DEV\PROG\Java\jdk1.8.0_131\jre\lib\sunrsasign.jar;D:\DEV\PROG\Java\jdk1.8.0_131\jre\lib\jsse.jar;D:\DEV\PROG\Java\jdk1.8.0_131\jre\lib\jce.jar;D:\DEV\PROG\Java\jdk1.8.0_131\jre\lib\charsets.jar;D:\DEV\PROG\Java\jdk1.8.0_131\jre\lib\jfr.jar;D:\DEV\PROG\Java\jdk1.8.0_131\jre\classes"/>
    <property name="java.vendor" value="Oracle Corporation"/>
    <property name="maven.home" value="D:\DEV\WorkspacePhoton\CarbonMap\EMBEDDED"/>
    <property name="file.separator" value="\"/>
    <property name="java.vendor.url.bug" value="http://bugreport.sun.com/bugreport/"/>
    <property name="sun.cpu.endian" value="little"/>
    <property name="sun.io.unicode.encoding" value="UnicodeLittle"/>
    <property name="sun.desktop" value="windows"/>
    <property name="sun.cpu.isalist" value="amd64"/>
  </properties>
  <testcase classname="MapGenTest" name="test" time="0.002"/>
</testsuite>